2024-10-22T23:20:57,890 [org.grupo11.app.App.main()] INFO  org.grupo11.Logger - Session factory built
2024-10-22T23:20:57,948 [org.grupo11.app.App.main()] INFO  org.hibernate.Version - HHH000412: Hibernate ORM core version 6.6.1.Final
2024-10-22T23:20:57,970 [org.grupo11.app.App.main()] WARN  org.hibernate.orm.deprecation - HHH90000012: Recognized obsolete hibernate namespace http://hibernate.sourceforge.net/hibernate-configuration. Use namespace http://www.hibernate.org/dtd/hibernate-configuration instead.  Support for obsolete DTD/XSD namespaces may be removed at any time.
2024-10-22T23:20:58,135 [org.grupo11.app.App.main()] INFO  org.hibernate.cache.internal.RegionFactoryInitiator - HHH000026: Second-level cache disabled
2024-10-22T23:20:58,228 [org.grupo11.app.App.main()] WARN  org.hibernate.orm.connections.pooling - HHH10001002: Using built-in connection pool (not intended for production use)
2024-10-22T23:20:58,441 [org.grupo11.app.App.main()] WARN  org.hibernate.orm.deprecation - HHH90000025: PostgreSQLDialect does not need to be specified explicitly using 'hibernate.dialect' (remove the property setting and it will be selected by default)
2024-10-22T23:20:58,475 [org.grupo11.app.App.main()] INFO  org.hibernate.orm.connections.pooling - HHH10001005: Database info:
	Database JDBC URL [jdbc:postgresql://localhost:5432/postgres]
	Database driver: org.postgresql.Driver
	Database version: 17.0
	Autocommit mode: false
	Isolation level: undefined/unknown
	Minimum pool size: 1
	Maximum pool size: 20
2024-10-22T23:20:58,573 [org.grupo11.app.App.main()] ERROR org.grupo11.Logger - Could not create session factory
org.hibernate.AnnotationException: Entity 'org.grupo11.Services.Rewards.Reward' has no identifier (every '@Entity' class must declare or inherit at least one '@Id' or '@EmbeddedId' property)
	at org.hibernate.boot.model.internal.InheritanceState.determineDefaultAccessType(InheritanceState.java:290) ~[hibernate-core-6.6.1.Final.jar:6.6.1.Final]
	at org.hibernate.boot.model.internal.InheritanceState.getElementsToProcess(InheritanceState.java:226) ~[hibernate-core-6.6.1.Final.jar:6.6.1.Final]
	at org.hibernate.boot.model.internal.InheritanceState.postProcess(InheritanceState.java:162) ~[hibernate-core-6.6.1.Final.jar:6.6.1.Final]
	at org.hibernate.boot.model.internal.EntityBinder.handleIdentifier(EntityBinder.java:409) ~[hibernate-core-6.6.1.Final.jar:6.6.1.Final]
	at org.hibernate.boot.model.internal.EntityBinder.bindEntityClass(EntityBinder.java:250) ~[hibernate-core-6.6.1.Final.jar:6.6.1.Final]
	at org.hibernate.boot.model.internal.AnnotationBinder.bindClass(AnnotationBinder.java:401) ~[hibernate-core-6.6.1.Final.jar:6.6.1.Final]
	at org.hibernate.boot.model.source.internal.annotations.AnnotationMetadataSourceProcessorImpl.processEntityHierarchies(AnnotationMetadataSourceProcessorImpl.java:257) ~[hibernate-core-6.6.1.Final.jar:6.6.1.Final]
	at org.hibernate.boot.model.process.spi.MetadataBuildingProcess$1.processEntityHierarchies(MetadataBuildingProcess.java:281) ~[hibernate-core-6.6.1.Final.jar:6.6.1.Final]
	at org.hibernate.boot.model.process.spi.MetadataBuildingProcess.complete(MetadataBuildingProcess.java:324) ~[hibernate-core-6.6.1.Final.jar:6.6.1.Final]
	at org.hibernate.boot.model.process.spi.MetadataBuildingProcess.build(MetadataBuildingProcess.java:129) ~[hibernate-core-6.6.1.Final.jar:6.6.1.Final]
	at org.hibernate.boot.internal.MetadataBuilderImpl.build(MetadataBuilderImpl.java:449) ~[hibernate-core-6.6.1.Final.jar:6.6.1.Final]
	at org.hibernate.boot.internal.MetadataBuilderImpl.build(MetadataBuilderImpl.java:101) ~[hibernate-core-6.6.1.Final.jar:6.6.1.Final]
	at org.hibernate.cfg.Configuration.buildSessionFactory(Configuration.java:949) ~[hibernate-core-6.6.1.Final.jar:6.6.1.Final]
	at org.hibernate.cfg.Configuration.buildSessionFactory(Configuration.java:999) ~[hibernate-core-6.6.1.Final.jar:6.6.1.Final]
	at org.grupo11.DB.buildSessionFactory(DB.java:62) ~[classes/:?]
	at org.grupo11.DB.<clinit>(DB.java:29) ~[classes/:?]
	at org.grupo11.app.App.main(App.java:35) ~[classes/:?]
	at org.codehaus.mojo.exec.ExecJavaMojo.doMain(ExecJavaMojo.java:358) ~[?:?]
	at org.codehaus.mojo.exec.ExecJavaMojo.doExec(ExecJavaMojo.java:347) ~[?:?]
	at org.codehaus.mojo.exec.ExecJavaMojo.lambda$execute$0(ExecJavaMojo.java:269) ~[?:?]
	at java.lang.Thread.run(Thread.java:1575) ~[?:?]
2024-10-24T19:56:51,527 [org.grupo11.app.App.main()] INFO  org.grupo11.Logger - Session factory built
2024-10-24T19:56:51,584 [org.grupo11.app.App.main()] INFO  org.hibernate.Version - HHH000412: Hibernate ORM core version 6.6.1.Final
2024-10-24T19:56:51,606 [org.grupo11.app.App.main()] WARN  org.hibernate.orm.deprecation - HHH90000012: Recognized obsolete hibernate namespace http://hibernate.sourceforge.net/hibernate-configuration. Use namespace http://www.hibernate.org/dtd/hibernate-configuration instead.  Support for obsolete DTD/XSD namespaces may be removed at any time.
2024-10-24T19:56:51,780 [org.grupo11.app.App.main()] INFO  org.hibernate.cache.internal.RegionFactoryInitiator - HHH000026: Second-level cache disabled
2024-10-24T19:56:51,877 [org.grupo11.app.App.main()] WARN  org.hibernate.orm.connections.pooling - HHH10001002: Using built-in connection pool (not intended for production use)
2024-10-24T19:56:52,070 [org.grupo11.app.App.main()] WARN  org.hibernate.orm.deprecation - HHH90000025: PostgreSQLDialect does not need to be specified explicitly using 'hibernate.dialect' (remove the property setting and it will be selected by default)
2024-10-24T19:56:52,088 [org.grupo11.app.App.main()] INFO  org.hibernate.orm.connections.pooling - HHH10001005: Database info:
	Database JDBC URL [jdbc:postgresql://localhost:5432/postgres]
	Database driver: org.postgresql.Driver
	Database version: 17.0
	Autocommit mode: false
	Isolation level: undefined/unknown
	Minimum pool size: 1
	Maximum pool size: 20
2024-10-24T19:56:53,087 [org.grupo11.app.App.main()] INFO  org.hibernate.metamodel.internal.EntityInstantiatorPojoStandard - HHH000182: No default (no-argument) constructor for class: org.grupo11.Services.ActivityRegistry.CardUsage (class must be instantiated by Interceptor)
2024-10-24T19:56:53,447 [org.grupo11.app.App.main()] INFO  org.hibernate.engine.transaction.jta.platform.internal.JtaPlatformInitiator - HHH000489: No JTA platform available (set 'hibernate.transaction.jta.platform' to enable JTA platform integration)
2024-10-24T19:56:53,466 [org.grupo11.app.App.main()] INFO  org.hibernate.orm.connections.access - HHH10001501: Connection obtained from JdbcConnectionAccess [org.hibernate.engine.jdbc.env.internal.JdbcEnvironmentInitiator$ConnectionProviderJdbcConnectionAccess@3c31c6c9] for (non-JTA) DDL execution was not in auto-commit mode; the Connection 'local transaction' will be committed and the Connection will be set into auto-commit mode.
2024-10-24T19:56:54,116 [org.grupo11.app.App.main()] INFO  io.javalin.Javalin - Starting Javalin ...
2024-10-24T19:56:54,119 [org.grupo11.app.App.main()] INFO  org.eclipse.jetty.server.Server - jetty-11.0.23; built: 2024-08-14T01:40:17.906Z; git: 6fcf5ccaebd7ca13a0cb96c96adca699a24080a0; jvm 23+37-2369
2024-10-24T19:56:54,157 [org.grupo11.app.App.main()] INFO  org.eclipse.jetty.server.session.DefaultSessionIdManager - Session workerName=node0
2024-10-24T19:56:54,166 [org.grupo11.app.App.main()] INFO  org.eclipse.jetty.server.handler.ContextHandler - Started o.e.j.s.ServletContextHandler@4ad2a88e{/,null,AVAILABLE}
2024-10-24T19:56:54,189 [org.grupo11.app.App.main()] INFO  org.eclipse.jetty.server.AbstractConnector - Started ServerConnector@4dce03d4{HTTP/1.1, (http/1.1)}{127.0.0.1:8000}
2024-10-24T19:56:54,191 [org.grupo11.app.App.main()] INFO  org.eclipse.jetty.server.Server - Started Server@201b0c95{STARTING}[11.0.23,sto=0] @4972ms
2024-10-24T19:56:54,191 [org.grupo11.app.App.main()] INFO  io.javalin.Javalin - 
       __                  ___           _____
      / /___ __   ______ _/ (_)___      / ___/
 __  / / __ `/ | / / __ `/ / / __ \    / __ \
/ /_/ / /_/ /| |/ / /_/ / / / / / /   / /_/ /
\____/\__,_/ |___/\__,_/_/_/_/ /_/    \____/

       https://javalin.io/documentation

2024-10-24T19:56:54,192 [org.grupo11.app.App.main()] INFO  io.javalin.Javalin - Javalin started in 136ms \o/
2024-10-24T19:56:54,205 [org.grupo11.app.App.main()] INFO  io.javalin.Javalin - Static file handler added: StaticFileConfig(hostedPath=/public, directory=/public, location=CLASSPATH, precompress=false, aliasCheck=null, headers={Cache-Control=max-age=0}, skipFileFunction=Function1<jakarta.servlet.http.HttpServletRequest, java.lang.Boolean>, mimeTypes={}). File system location: 'file:///C:/Users/Gonzalez/Desktop/UTN%20Li/DDS/DDS-Grupo11/anual/target/classes/public/'
2024-10-24T19:56:54,210 [org.grupo11.app.App.main()] INFO  io.javalin.Javalin - Listening on http://127.0.0.1:8000/
2024-10-24T19:56:54,217 [org.grupo11.app.App.main()] INFO  io.javalin.Javalin - You are running Javalin 6.3.0 (released August 22, 2024).
2024-10-24T19:56:54,218 [org.grupo11.app.App.main()] INFO  org.grupo11.Logger - Server started, listening at http://localhost:8000
